2019-06-16 Sunday 19:21:22  downloader.py : ERROR  错误原因[Errno 2] No such file or directory: 'Resources/pic/安娜蜜语AnnaSweetT/【设计师原创】安娜蜜语刺绣1/2半杯上托文胸小胸内衣女胸罩套装1.jpg'
2019-06-16 Sunday 19:21:23  downloader.py : ERROR  错误原因[Errno 2] No such file or directory: 'Resources/pic/安娜蜜语AnnaSweetT/【设计师原创】安娜蜜语刺绣1/2半杯上托文胸小胸内衣女胸罩套装2.jpg'
2019-06-16 Sunday 19:21:23  downloader.py : ERROR  错误原因[Errno 2] No such file or directory: 'Resources/pic/安娜蜜语AnnaSweetT/【设计师原创】安娜蜜语刺绣1/2半杯上托文胸小胸内衣女胸罩套装3.jpg'
2019-06-16 Sunday 19:21:23  downloader.py : ERROR  错误原因[Errno 2] No such file or directory: 'Resources/pic/安娜蜜语AnnaSweetT/【设计师原创】安娜蜜语刺绣1/2半杯上托文胸小胸内衣女胸罩套装4.jpg'
2019-06-16 Sunday 19:21:23  downloader.py : ERROR  错误原因[Errno 2] No such file or directory: 'Resources/pic/安娜蜜语AnnaSweetT/【设计师原创】安娜蜜语刺绣1/2半杯上托文胸小胸内衣女胸罩套装5.jpg'
2019-06-16 Sunday 19:21:23  downloader.py : ERROR  错误原因[Errno 2] No such file or directory: 'Resources/pic/安娜蜜语AnnaSweetT/【设计师原创】安娜蜜语刺绣1/2半杯上托文胸小胸内衣女胸罩套装6.jpg'
2019-06-16 Sunday 19:21:23  downloader.py : ERROR  错误原因[Errno 2] No such file or directory: 'Resources/pic/安娜蜜语AnnaSweetT/【设计师原创】安娜蜜语刺绣1/2半杯上托文胸小胸内衣女胸罩套装7.jpg'
2019-06-16 Sunday 19:21:24  downloader.py : ERROR  错误原因[Errno 2] No such file or directory: 'Resources/pic/安娜蜜语AnnaSweetT/【设计师原创】安娜蜜语刺绣1/2半杯上托文胸小胸内衣女胸罩套装8.jpg'
2019-06-16 Sunday 19:21:24  downloader.py : ERROR  错误原因[Errno 2] No such file or directory: 'Resources/pic/安娜蜜语AnnaSweetT/【设计师原创】安娜蜜语刺绣1/2半杯上托文胸小胸内衣女胸罩套装9.jpg'
2019-06-16 Sunday 19:21:24  downloader.py : ERROR  错误原因[Errno 2] No such file or directory: 'Resources/pic/安娜蜜语AnnaSweetT/【设计师原创】安娜蜜语刺绣1/2半杯上托文胸小胸内衣女胸罩套装10.jpg'
2019-06-16 Sunday 19:21:24  downloader.py : ERROR  错误原因[Errno 2] No such file or directory: 'Resources/pic/安娜蜜语AnnaSweetT/【设计师原创】安娜蜜语刺绣1/2半杯上托文胸小胸内衣女胸罩套装11.jpg'
2019-06-16 Sunday 19:21:25  downloader.py : ERROR  错误原因[Errno 2] No such file or directory: 'Resources/pic/安娜蜜语AnnaSweetT/【设计师原创】安娜蜜语刺绣1/2半杯上托文胸小胸内衣女胸罩套装12.jpg'
2019-06-16 Sunday 19:21:25  downloader.py : ERROR  错误原因[Errno 2] No such file or directory: 'Resources/pic/安娜蜜语AnnaSweetT/【设计师原创】安娜蜜语刺绣1/2半杯上托文胸小胸内衣女胸罩套装13.jpg'
2019-06-16 Sunday 19:21:25  downloader.py : ERROR  错误原因[Errno 2] No such file or directory: 'Resources/pic/安娜蜜语AnnaSweetT/【设计师原创】安娜蜜语刺绣1/2半杯上托文胸小胸内衣女胸罩套装14.jpg'
2019-06-16 Sunday 19:21:25  downloader.py : ERROR  错误原因[Errno 2] No such file or directory: 'Resources/pic/安娜蜜语AnnaSweetT/【设计师原创】安娜蜜语刺绣1/2半杯上托文胸小胸内衣女胸罩套装15.jpg'
2019-06-16 Sunday 19:21:25  downloader.py : ERROR  错误原因[Errno 2] No such file or directory: 'Resources/pic/安娜蜜语AnnaSweetT/【设计师原创】安娜蜜语刺绣1/2半杯上托文胸小胸内衣女胸罩套装16.jpg'
2019-06-16 Sunday 19:21:26  downloader.py : ERROR  错误原因[Errno 2] No such file or directory: 'Resources/pic/安娜蜜语AnnaSweetT/【设计师原创】安娜蜜语刺绣1/2半杯上托文胸小胸内衣女胸罩套装17.jpg'
2019-06-16 Sunday 19:21:26  downloader.py : ERROR  错误原因[Errno 2] No such file or directory: 'Resources/pic/安娜蜜语AnnaSweetT/【设计师原创】安娜蜜语刺绣1/2半杯上托文胸小胸内衣女胸罩套装18.jpg'
2019-06-16 Sunday 19:21:26  downloader.py : ERROR  错误原因[Errno 2] No such file or directory: 'Resources/pic/安娜蜜语AnnaSweetT/【设计师原创】安娜蜜语刺绣1/2半杯上托文胸小胸内衣女胸罩套装19.jpg'
2019-06-16 Sunday 19:21:26  downloader.py : ERROR  错误原因[Errno 2] No such file or directory: 'Resources/pic/安娜蜜语AnnaSweetT/安娜蜜语性感小胸聚拢1/2半杯蕾丝无肩带防滑上托胸罩女内衣文胸1.jpg'
2019-06-16 Sunday 19:21:26  downloader.py : ERROR  错误原因[Errno 2] No such file or directory: 'Resources/pic/安娜蜜语AnnaSweetT/安娜蜜语性感小胸聚拢1/2半杯蕾丝无肩带防滑上托胸罩女内衣文胸2.jpg'
2019-06-16 Sunday 19:21:27  downloader.py : ERROR  错误原因[Errno 2] No such file or directory: 'Resources/pic/安娜蜜语AnnaSweetT/安娜蜜语性感小胸聚拢1/2半杯蕾丝无肩带防滑上托胸罩女内衣文胸3.jpg'
2019-06-16 Sunday 19:21:27  downloader.py : ERROR  错误原因[Errno 2] No such file or directory: 'Resources/pic/安娜蜜语AnnaSweetT/安娜蜜语性感小胸聚拢1/2半杯蕾丝无肩带防滑上托胸罩女内衣文胸4.jpg'
2019-06-16 Sunday 19:21:27  downloader.py : ERROR  错误原因[Errno 2] No such file or directory: 'Resources/pic/安娜蜜语AnnaSweetT/安娜蜜语性感小胸聚拢1/2半杯蕾丝无肩带防滑上托胸罩女内衣文胸5.jpg'
2019-06-16 Sunday 19:21:27  downloader.py : ERROR  错误原因[Errno 2] No such file or directory: 'Resources/pic/安娜蜜语AnnaSweetT/安娜蜜语性感小胸聚拢1/2半杯蕾丝无肩带防滑上托胸罩女内衣文胸6.jpg'
2019-06-16 Sunday 19:21:27  downloader.py : ERROR  错误原因[Errno 2] No such file or directory: 'Resources/pic/安娜蜜语AnnaSweetT/安娜蜜语性感小胸聚拢1/2半杯蕾丝无肩带防滑上托胸罩女内衣文胸7.jpg'
2019-06-16 Sunday 19:21:28  downloader.py : ERROR  错误原因[Errno 2] No such file or directory: 'Resources/pic/安娜蜜语AnnaSweetT/安娜蜜语性感小胸聚拢1/2半杯蕾丝无肩带防滑上托胸罩女内衣文胸8.jpg'
2019-06-16 Sunday 19:21:28  downloader.py : ERROR  错误原因[Errno 2] No such file or directory: 'Resources/pic/安娜蜜语AnnaSweetT/安娜蜜语性感小胸聚拢1/2半杯蕾丝无肩带防滑上托胸罩女内衣文胸9.jpg'
2019-06-16 Sunday 19:21:28  downloader.py : ERROR  错误原因[Errno 2] No such file or directory: 'Resources/pic/安娜蜜语AnnaSweetT/安娜蜜语性感小胸聚拢1/2半杯蕾丝无肩带防滑上托胸罩女内衣文胸10.jpg'
2019-06-16 Sunday 19:21:28  downloader.py : ERROR  错误原因[Errno 2] No such file or directory: 'Resources/pic/安娜蜜语AnnaSweetT/安娜蜜语性感小胸聚拢1/2半杯蕾丝无肩带防滑上托胸罩女内衣文胸11.jpg'
2019-06-16 Sunday 19:21:28  downloader.py : ERROR  错误原因[Errno 2] No such file or directory: 'Resources/pic/安娜蜜语AnnaSweetT/安娜蜜语性感小胸聚拢1/2半杯蕾丝无肩带防滑上托胸罩女内衣文胸12.jpg'
2019-06-16 Sunday 19:21:29  downloader.py : ERROR  错误原因[Errno 2] No such file or directory: 'Resources/pic/安娜蜜语AnnaSweetT/安娜蜜语性感小胸聚拢1/2半杯蕾丝无肩带防滑上托胸罩女内衣文胸13.jpg'
2019-06-16 Sunday 19:27:54  downloader.py : ERROR  错误原因[Errno 2] No such file or directory: 'Resources/pic/安娜蜜语AnnaSweetT/安娜蜜语1/2半杯性感蕾丝内衣无钢圈上托聚拢文胸防下垂胸罩套装1.jpg'
2019-06-16 Sunday 19:27:54  downloader.py : ERROR  错误原因[Errno 2] No such file or directory: 'Resources/pic/安娜蜜语AnnaSweetT/安娜蜜语1/2半杯性感蕾丝内衣无钢圈上托聚拢文胸防下垂胸罩套装2.jpg'
2019-06-16 Sunday 19:27:55  downloader.py : ERROR  错误原因[Errno 2] No such file or directory: 'Resources/pic/安娜蜜语AnnaSweetT/安娜蜜语1/2半杯性感蕾丝内衣无钢圈上托聚拢文胸防下垂胸罩套装3.jpg'
2019-06-16 Sunday 19:27:55  downloader.py : ERROR  错误原因[Errno 2] No such file or directory: 'Resources/pic/安娜蜜语AnnaSweetT/安娜蜜语1/2半杯性感蕾丝内衣无钢圈上托聚拢文胸防下垂胸罩套装4.jpg'
2019-06-16 Sunday 19:27:55  downloader.py : ERROR  错误原因[Errno 2] No such file or directory: 'Resources/pic/安娜蜜语AnnaSweetT/安娜蜜语1/2半杯性感蕾丝内衣无钢圈上托聚拢文胸防下垂胸罩套装5.jpg'
2019-06-16 Sunday 19:27:55  downloader.py : ERROR  错误原因[Errno 2] No such file or directory: 'Resources/pic/安娜蜜语AnnaSweetT/安娜蜜语1/2半杯性感蕾丝内衣无钢圈上托聚拢文胸防下垂胸罩套装6.jpg'
2019-06-16 Sunday 19:27:56  downloader.py : ERROR  错误原因[Errno 2] No such file or directory: 'Resources/pic/安娜蜜语AnnaSweetT/安娜蜜语1/2半杯性感蕾丝内衣无钢圈上托聚拢文胸防下垂胸罩套装7.jpg'
2019-06-16 Sunday 19:27:56  downloader.py : ERROR  错误原因[Errno 2] No such file or directory: 'Resources/pic/安娜蜜语AnnaSweetT/安娜蜜语1/2半杯性感蕾丝内衣无钢圈上托聚拢文胸防下垂胸罩套装8.jpg'
2019-06-16 Sunday 19:27:56  downloader.py : ERROR  错误原因[Errno 2] No such file or directory: 'Resources/pic/安娜蜜语AnnaSweetT/安娜蜜语1/2半杯性感蕾丝内衣无钢圈上托聚拢文胸防下垂胸罩套装9.jpg'
2019-06-16 Sunday 19:27:56  downloader.py : ERROR  错误原因[Errno 2] No such file or directory: 'Resources/pic/安娜蜜语AnnaSweetT/安娜蜜语1/2半杯性感蕾丝内衣无钢圈上托聚拢文胸防下垂胸罩套装10.jpg'
2019-06-16 Sunday 19:27:56  downloader.py : ERROR  错误原因[Errno 2] No such file or directory: 'Resources/pic/安娜蜜语AnnaSweetT/安娜蜜语1/2半杯性感蕾丝内衣无钢圈上托聚拢文胸防下垂胸罩套装11.jpg'
2019-06-16 Sunday 19:27:56  downloader.py : ERROR  错误原因[Errno 2] No such file or directory: 'Resources/pic/安娜蜜语AnnaSweetT/安娜蜜语1/2半杯性感蕾丝内衣无钢圈上托聚拢文胸防下垂胸罩套装12.jpg'
2019-06-16 Sunday 19:27:57  downloader.py : ERROR  错误原因[Errno 2] No such file or directory: 'Resources/pic/安娜蜜语AnnaSweetT/安娜蜜语1/2半杯性感蕾丝内衣无钢圈上托聚拢文胸防下垂胸罩套装13.jpg'
2019-06-16 Sunday 19:27:57  downloader.py : ERROR  错误原因[Errno 2] No such file or directory: 'Resources/pic/安娜蜜语AnnaSweetT/安娜蜜语1/2半杯性感蕾丝内衣无钢圈上托聚拢文胸防下垂胸罩套装14.jpg'
2019-06-16 Sunday 19:27:57  downloader.py : ERROR  错误原因[Errno 2] No such file or directory: 'Resources/pic/安娜蜜语AnnaSweetT/安娜蜜语1/2半杯性感蕾丝内衣无钢圈上托聚拢文胸防下垂胸罩套装15.jpg'
2019-06-16 Sunday 19:27:57  downloader.py : ERROR  错误原因[Errno 2] No such file or directory: 'Resources/pic/安娜蜜语AnnaSweetT/安娜蜜语1/2半杯性感蕾丝内衣无钢圈上托聚拢文胸防下垂胸罩套装16.jpg'
2019-06-16 Sunday 19:27:58  downloader.py : ERROR  错误原因[Errno 2] No such file or directory: 'Resources/pic/安娜蜜语AnnaSweetT/安娜蜜语1/2半杯性感蕾丝内衣无钢圈上托聚拢文胸防下垂胸罩套装17.jpg'
2019-06-16 Sunday 19:27:58  downloader.py : ERROR  错误原因[Errno 2] No such file or directory: 'Resources/pic/安娜蜜语AnnaSweetT/安娜蜜语1/2半杯性感蕾丝内衣无钢圈上托聚拢文胸防下垂胸罩套装18.jpg'
2019-06-16 Sunday 19:29:40  downloader.py : ERROR  错误原因[Errno 2] No such file or directory: 'Resources/pic/安娜蜜语AnnaSweetT/安娜蜜语性感1/2半杯小胸超薄内衣套装女文胸聚拢2019年新款少女1.jpg'
2019-06-16 Sunday 19:29:41  downloader.py : ERROR  错误原因[Errno 2] No such file or directory: 'Resources/pic/安娜蜜语AnnaSweetT/安娜蜜语性感1/2半杯小胸超薄内衣套装女文胸聚拢2019年新款少女2.jpg'
2019-06-16 Sunday 19:29:41  downloader.py : ERROR  错误原因[Errno 2] No such file or directory: 'Resources/pic/安娜蜜语AnnaSweetT/安娜蜜语性感1/2半杯小胸超薄内衣套装女文胸聚拢2019年新款少女3.jpg'
2019-06-16 Sunday 19:29:41  downloader.py : ERROR  错误原因[Errno 2] No such file or directory: 'Resources/pic/安娜蜜语AnnaSweetT/安娜蜜语性感1/2半杯小胸超薄内衣套装女文胸聚拢2019年新款少女4.jpg'
2019-06-16 Sunday 19:29:41  downloader.py : ERROR  错误原因[Errno 2] No such file or directory: 'Resources/pic/安娜蜜语AnnaSweetT/安娜蜜语性感1/2半杯小胸超薄内衣套装女文胸聚拢2019年新款少女5.jpg'
2019-06-16 Sunday 19:29:41  downloader.py : ERROR  错误原因[Errno 2] No such file or directory: 'Resources/pic/安娜蜜语AnnaSweetT/安娜蜜语性感1/2半杯小胸超薄内衣套装女文胸聚拢2019年新款少女6.jpg'
2019-06-16 Sunday 19:29:41  downloader.py : ERROR  错误原因[Errno 2] No such file or directory: 'Resources/pic/安娜蜜语AnnaSweetT/安娜蜜语性感1/2半杯小胸超薄内衣套装女文胸聚拢2019年新款少女7.jpg'
2019-06-16 Sunday 19:29:42  downloader.py : ERROR  错误原因[Errno 2] No such file or directory: 'Resources/pic/安娜蜜语AnnaSweetT/安娜蜜语性感1/2半杯小胸超薄内衣套装女文胸聚拢2019年新款少女8.jpg'
2019-06-16 Sunday 19:29:42  downloader.py : ERROR  错误原因[Errno 2] No such file or directory: 'Resources/pic/安娜蜜语AnnaSweetT/安娜蜜语性感1/2半杯小胸超薄内衣套装女文胸聚拢2019年新款少女9.jpg'
2019-06-16 Sunday 19:29:42  downloader.py : ERROR  错误原因[Errno 2] No such file or directory: 'Resources/pic/安娜蜜语AnnaSweetT/安娜蜜语性感1/2半杯小胸超薄内衣套装女文胸聚拢2019年新款少女10.jpg'
2019-06-16 Sunday 19:34:28  downloader.py : ERROR  错误原因[Errno 2] No such file or directory: 'Resources/pic/安娜蜜语AnnaSweetT/春夏新款女性感小胸聚拢内衣1/2半杯蕾丝大胸超薄时尚少女文胸罩1.jpg'
2019-06-16 Sunday 19:34:28  downloader.py : ERROR  错误原因[Errno 2] No such file or directory: 'Resources/pic/安娜蜜语AnnaSweetT/春夏新款女性感小胸聚拢内衣1/2半杯蕾丝大胸超薄时尚少女文胸罩2.jpg'
2019-06-16 Sunday 19:34:29  downloader.py : ERROR  错误原因[Errno 2] No such file or directory: 'Resources/pic/安娜蜜语AnnaSweetT/春夏新款女性感小胸聚拢内衣1/2半杯蕾丝大胸超薄时尚少女文胸罩3.jpg'
2019-06-16 Sunday 19:34:29  downloader.py : ERROR  错误原因[Errno 2] No such file or directory: 'Resources/pic/安娜蜜语AnnaSweetT/春夏新款女性感小胸聚拢内衣1/2半杯蕾丝大胸超薄时尚少女文胸罩4.jpg'
2019-06-16 Sunday 19:34:29  downloader.py : ERROR  错误原因[Errno 2] No such file or directory: 'Resources/pic/安娜蜜语AnnaSweetT/春夏新款女性感小胸聚拢内衣1/2半杯蕾丝大胸超薄时尚少女文胸罩5.jpg'
2019-06-16 Sunday 19:34:29  downloader.py : ERROR  错误原因[Errno 2] No such file or directory: 'Resources/pic/安娜蜜语AnnaSweetT/春夏新款女性感小胸聚拢内衣1/2半杯蕾丝大胸超薄时尚少女文胸罩6.jpg'
2019-06-16 Sunday 19:34:30  downloader.py : ERROR  错误原因[Errno 2] No such file or directory: 'Resources/pic/安娜蜜语AnnaSweetT/春夏新款女性感小胸聚拢内衣1/2半杯蕾丝大胸超薄时尚少女文胸罩7.jpg'
2019-06-16 Sunday 19:34:30  downloader.py : ERROR  错误原因[Errno 2] No such file or directory: 'Resources/pic/安娜蜜语AnnaSweetT/春夏新款女性感小胸聚拢内衣1/2半杯蕾丝大胸超薄时尚少女文胸罩8.jpg'
2019-06-16 Sunday 19:34:30  downloader.py : ERROR  错误原因[Errno 2] No such file or directory: 'Resources/pic/安娜蜜语AnnaSweetT/春夏新款女性感小胸聚拢内衣1/2半杯蕾丝大胸超薄时尚少女文胸罩9.jpg'
2019-06-16 Sunday 19:34:30  downloader.py : ERROR  错误原因[Errno 2] No such file or directory: 'Resources/pic/安娜蜜语AnnaSweetT/春夏新款女性感小胸聚拢内衣1/2半杯蕾丝大胸超薄时尚少女文胸罩10.jpg'
2019-06-16 Sunday 19:34:30  downloader.py : ERROR  错误原因[Errno 2] No such file or directory: 'Resources/pic/安娜蜜语AnnaSweetT/春夏新款女性感小胸聚拢内衣1/2半杯蕾丝大胸超薄时尚少女文胸罩11.jpg'
2019-06-16 Sunday 19:34:31  downloader.py : ERROR  错误原因[Errno 2] No such file or directory: 'Resources/pic/安娜蜜语AnnaSweetT/春夏新款女性感小胸聚拢内衣1/2半杯蕾丝大胸超薄时尚少女文胸罩12.jpg'
2019-06-16 Sunday 19:34:31  downloader.py : ERROR  错误原因[Errno 2] No such file or directory: 'Resources/pic/安娜蜜语AnnaSweetT/春夏新款女性感小胸聚拢内衣1/2半杯蕾丝大胸超薄时尚少女文胸罩13.jpg'
2019-06-16 Sunday 19:34:31  downloader.py : ERROR  错误原因[Errno 2] No such file or directory: 'Resources/pic/安娜蜜语AnnaSweetT/春夏新款女性感小胸聚拢内衣1/2半杯蕾丝大胸超薄时尚少女文胸罩14.jpg'
2019-06-16 Sunday 19:34:31  downloader.py : ERROR  错误原因[Errno 2] No such file or directory: 'Resources/pic/安娜蜜语AnnaSweetT/春夏新款女性感小胸聚拢内衣1/2半杯蕾丝大胸超薄时尚少女文胸罩15.jpg'
2019-06-16 Sunday 19:34:31  downloader.py : ERROR  错误原因[Errno 2] No such file or directory: 'Resources/pic/安娜蜜语AnnaSweetT/春夏新款女性感小胸聚拢内衣1/2半杯蕾丝大胸超薄时尚少女文胸罩16.jpg'
2019-06-16 Sunday 19:34:32  downloader.py : ERROR  错误原因[Errno 2] No such file or directory: 'Resources/pic/安娜蜜语AnnaSweetT/春夏新款女性感小胸聚拢内衣1/2半杯蕾丝大胸超薄时尚少女文胸罩17.jpg'
2019-06-16 Sunday 19:34:32  downloader.py : ERROR  错误原因[Errno 2] No such file or directory: 'Resources/pic/安娜蜜语AnnaSweetT/春夏新款女性感小胸聚拢内衣1/2半杯蕾丝大胸超薄时尚少女文胸罩18.jpg'
2019-06-16 Sunday 19:34:32  downloader.py : ERROR  错误原因[Errno 2] No such file or directory: 'Resources/pic/安娜蜜语AnnaSweetT/春夏新款女性感小胸聚拢内衣1/2半杯蕾丝大胸超薄时尚少女文胸罩19.jpg'
2019-06-16 Sunday 19:34:32  downloader.py : ERROR  错误原因[Errno 2] No such file or directory: 'Resources/pic/安娜蜜语AnnaSweetT/春夏新款女性感小胸聚拢内衣1/2半杯蕾丝大胸超薄时尚少女文胸罩20.jpg'
2019-06-16 Sunday 19:34:32  downloader.py : ERROR  错误原因[Errno 2] No such file or directory: 'Resources/pic/安娜蜜语AnnaSweetT/春夏新款女性感小胸聚拢内衣1/2半杯蕾丝大胸超薄时尚少女文胸罩21.jpg'
2019-06-16 Sunday 19:34:33  downloader.py : ERROR  错误原因[Errno 2] No such file or directory: 'Resources/pic/安娜蜜语AnnaSweetT/春夏新款女性感小胸聚拢内衣1/2半杯蕾丝大胸超薄时尚少女文胸罩22.jpg'
2019-06-16 Sunday 19:34:33  downloader.py : ERROR  错误原因[Errno 2] No such file or directory: 'Resources/pic/安娜蜜语AnnaSweetT/春夏新款女性感小胸聚拢内衣1/2半杯蕾丝大胸超薄时尚少女文胸罩23.jpg'
2019-06-16 Sunday 19:34:33  downloader.py : ERROR  错误原因[Errno 2] No such file or directory: 'Resources/pic/安娜蜜语AnnaSweetT/春夏新款女性感小胸聚拢内衣1/2半杯蕾丝大胸超薄时尚少女文胸罩24.jpg'
2019-06-16 Sunday 19:34:33  downloader.py : ERROR  错误原因[Errno 2] No such file or directory: 'Resources/pic/安娜蜜语AnnaSweetT/春夏新款女性感小胸聚拢内衣1/2半杯蕾丝大胸超薄时尚少女文胸罩25.jpg'
2019-06-16 Sunday 19:34:34  downloader.py : ERROR  错误原因[Errno 2] No such file or directory: 'Resources/pic/安娜蜜语AnnaSweetT/春夏新款女性感小胸聚拢内衣1/2半杯蕾丝大胸超薄时尚少女文胸罩26.jpg'
2019-06-16 Sunday 19:34:34  downloader.py : ERROR  错误原因[Errno 2] No such file or directory: 'Resources/pic/安娜蜜语AnnaSweetT/春夏新款女性感小胸聚拢内衣1/2半杯蕾丝大胸超薄时尚少女文胸罩27.jpg'
2019-06-16 Sunday 19:34:34  downloader.py : ERROR  错误原因[Errno 2] No such file or directory: 'Resources/pic/安娜蜜语AnnaSweetT/春夏新款女性感小胸聚拢内衣1/2半杯蕾丝大胸超薄时尚少女文胸罩28.jpg'
2019-06-16 Sunday 19:34:34  downloader.py : ERROR  错误原因[Errno 2] No such file or directory: 'Resources/pic/安娜蜜语AnnaSweetT/春夏新款女性感小胸聚拢内衣1/2半杯蕾丝大胸超薄时尚少女文胸罩29.jpg'
2019-06-16 Sunday 19:40:09  downloader.py : ERROR  错误原因[Errno 2] No such file or directory: 'Resources/pic/安娜蜜语AnnaSweetT/新款甜美性感舒适小胸加厚内衣1/2半罩杯聚拢调整型少女文胸套装1.jpg'
2019-06-16 Sunday 19:40:10  downloader.py : ERROR  错误原因[Errno 2] No such file or directory: 'Resources/pic/安娜蜜语AnnaSweetT/新款甜美性感舒适小胸加厚内衣1/2半罩杯聚拢调整型少女文胸套装2.jpg'
2019-06-16 Sunday 19:40:10  downloader.py : ERROR  错误原因[Errno 2] No such file or directory: 'Resources/pic/安娜蜜语AnnaSweetT/新款甜美性感舒适小胸加厚内衣1/2半罩杯聚拢调整型少女文胸套装3.jpg'
2019-06-16 Sunday 19:40:10  downloader.py : ERROR  错误原因[Errno 2] No such file or directory: 'Resources/pic/安娜蜜语AnnaSweetT/新款甜美性感舒适小胸加厚内衣1/2半罩杯聚拢调整型少女文胸套装4.jpg'
2019-06-16 Sunday 19:40:10  downloader.py : ERROR  错误原因[Errno 2] No such file or directory: 'Resources/pic/安娜蜜语AnnaSweetT/新款甜美性感舒适小胸加厚内衣1/2半罩杯聚拢调整型少女文胸套装5.jpg'
2019-06-16 Sunday 19:40:11  downloader.py : ERROR  错误原因[Errno 2] No such file or directory: 'Resources/pic/安娜蜜语AnnaSweetT/新款甜美性感舒适小胸加厚内衣1/2半罩杯聚拢调整型少女文胸套装6.jpg'
2019-06-16 Sunday 19:40:11  downloader.py : ERROR  错误原因[Errno 2] No such file or directory: 'Resources/pic/安娜蜜语AnnaSweetT/新款甜美性感舒适小胸加厚内衣1/2半罩杯聚拢调整型少女文胸套装7.jpg'
2019-06-16 Sunday 19:40:11  downloader.py : ERROR  错误原因[Errno 2] No such file or directory: 'Resources/pic/安娜蜜语AnnaSweetT/新款甜美性感舒适小胸加厚内衣1/2半罩杯聚拢调整型少女文胸套装8.jpg'
2019-06-16 Sunday 19:40:11  downloader.py : ERROR  错误原因[Errno 2] No such file or directory: 'Resources/pic/安娜蜜语AnnaSweetT/新款甜美性感舒适小胸加厚内衣1/2半罩杯聚拢调整型少女文胸套装9.jpg'
2019-06-16 Sunday 19:40:12  downloader.py : ERROR  错误原因[Errno 2] No such file or directory: 'Resources/pic/安娜蜜语AnnaSweetT/新款甜美性感舒适小胸加厚内衣1/2半罩杯聚拢调整型少女文胸套装10.jpg'
2019-06-16 Sunday 19:40:12  downloader.py : ERROR  错误原因[Errno 2] No such file or directory: 'Resources/pic/安娜蜜语AnnaSweetT/新款甜美性感舒适小胸加厚内衣1/2半罩杯聚拢调整型少女文胸套装11.jpg'
2019-06-16 Sunday 19:40:12  downloader.py : ERROR  错误原因[Errno 2] No such file or directory: 'Resources/pic/安娜蜜语AnnaSweetT/新款甜美性感舒适小胸加厚内衣1/2半罩杯聚拢调整型少女文胸套装12.jpg'
2019-06-16 Sunday 19:40:12  downloader.py : ERROR  错误原因[Errno 2] No such file or directory: 'Resources/pic/安娜蜜语AnnaSweetT/新款甜美性感舒适小胸加厚内衣1/2半罩杯聚拢调整型少女文胸套装13.jpg'
2019-06-16 Sunday 19:40:12  downloader.py : ERROR  错误原因[Errno 2] No such file or directory: 'Resources/pic/安娜蜜语AnnaSweetT/新款甜美性感舒适小胸加厚内衣1/2半罩杯聚拢调整型少女文胸套装14.jpg'
2019-06-16 Sunday 19:40:13  downloader.py : ERROR  错误原因[Errno 2] No such file or directory: 'Resources/pic/安娜蜜语AnnaSweetT/新款甜美性感舒适小胸加厚内衣1/2半罩杯聚拢调整型少女文胸套装15.jpg'
2019-06-16 Sunday 19:40:13  downloader.py : ERROR  错误原因[Errno 2] No such file or directory: 'Resources/pic/安娜蜜语AnnaSweetT/新款甜美性感舒适小胸加厚内衣1/2半罩杯聚拢调整型少女文胸套装16.jpg'
2019-06-16 Sunday 19:40:13  downloader.py : ERROR  错误原因[Errno 2] No such file or directory: 'Resources/pic/安娜蜜语AnnaSweetT/新款甜美性感舒适小胸加厚内衣1/2半罩杯聚拢调整型少女文胸套装17.jpg'
2019-06-16 Sunday 19:40:13  downloader.py : ERROR  错误原因[Errno 2] No such file or directory: 'Resources/pic/安娜蜜语AnnaSweetT/新款甜美性感舒适小胸加厚内衣1/2半罩杯聚拢调整型少女文胸套装18.jpg'
2019-06-16 Sunday 19:40:13  downloader.py : ERROR  错误原因[Errno 2] No such file or directory: 'Resources/pic/安娜蜜语AnnaSweetT/新款甜美性感舒适小胸加厚内衣1/2半罩杯聚拢调整型少女文胸套装19.jpg'
2019-06-16 Sunday 19:40:14  downloader.py : ERROR  错误原因[Errno 2] No such file or directory: 'Resources/pic/安娜蜜语AnnaSweetT/新款甜美性感舒适小胸加厚内衣1/2半罩杯聚拢调整型少女文胸套装20.jpg'
2019-06-16 Sunday 19:40:14  downloader.py : ERROR  错误原因[Errno 2] No such file or directory: 'Resources/pic/安娜蜜语AnnaSweetT/新款甜美性感舒适小胸加厚内衣1/2半罩杯聚拢调整型少女文胸套装21.jpg'
2019-06-16 Sunday 19:40:52  downloader.py : ERROR  错误原因[Errno 2] No such file or directory: 'Resources/pic/安娜蜜语AnnaSweetT/安娜蜜语深V性感蕾丝1/2半杯小胸内衣女聚拢无钢圈文胸舒适胸罩1.jpg'
2019-06-16 Sunday 19:40:52  downloader.py : ERROR  错误原因[Errno 2] No such file or directory: 'Resources/pic/安娜蜜语AnnaSweetT/安娜蜜语深V性感蕾丝1/2半杯小胸内衣女聚拢无钢圈文胸舒适胸罩2.jpg'
2019-06-16 Sunday 19:40:52  downloader.py : ERROR  错误原因[Errno 2] No such file or directory: 'Resources/pic/安娜蜜语AnnaSweetT/安娜蜜语深V性感蕾丝1/2半杯小胸内衣女聚拢无钢圈文胸舒适胸罩3.jpg'
2019-06-16 Sunday 19:40:52  downloader.py : ERROR  错误原因[Errno 2] No such file or directory: 'Resources/pic/安娜蜜语AnnaSweetT/安娜蜜语深V性感蕾丝1/2半杯小胸内衣女聚拢无钢圈文胸舒适胸罩4.jpg'
2019-06-16 Sunday 19:40:52  downloader.py : ERROR  错误原因[Errno 2] No such file or directory: 'Resources/pic/安娜蜜语AnnaSweetT/安娜蜜语深V性感蕾丝1/2半杯小胸内衣女聚拢无钢圈文胸舒适胸罩5.jpg'
2019-06-16 Sunday 19:40:53  downloader.py : ERROR  错误原因[Errno 2] No such file or directory: 'Resources/pic/安娜蜜语AnnaSweetT/安娜蜜语深V性感蕾丝1/2半杯小胸内衣女聚拢无钢圈文胸舒适胸罩6.jpg'
2019-06-16 Sunday 19:40:53  downloader.py : ERROR  错误原因[Errno 2] No such file or directory: 'Resources/pic/安娜蜜语AnnaSweetT/安娜蜜语深V性感蕾丝1/2半杯小胸内衣女聚拢无钢圈文胸舒适胸罩7.jpg'
2019-06-16 Sunday 19:40:53  downloader.py : ERROR  错误原因[Errno 2] No such file or directory: 'Resources/pic/安娜蜜语AnnaSweetT/安娜蜜语深V性感蕾丝1/2半杯小胸内衣女聚拢无钢圈文胸舒适胸罩8.jpg'
2019-06-16 Sunday 19:40:53  downloader.py : ERROR  错误原因[Errno 2] No such file or directory: 'Resources/pic/安娜蜜语AnnaSweetT/安娜蜜语深V性感蕾丝1/2半杯小胸内衣女聚拢无钢圈文胸舒适胸罩9.jpg'
2019-06-16 Sunday 19:40:53  downloader.py : ERROR  错误原因[Errno 2] No such file or directory: 'Resources/pic/安娜蜜语AnnaSweetT/安娜蜜语深V性感蕾丝1/2半杯小胸内衣女聚拢无钢圈文胸舒适胸罩10.jpg'
2019-06-16 Sunday 19:40:54  downloader.py : ERROR  错误原因[Errno 2] No such file or directory: 'Resources/pic/安娜蜜语AnnaSweetT/安娜蜜语深V性感蕾丝1/2半杯小胸内衣女聚拢无钢圈文胸舒适胸罩11.jpg'
2019-06-16 Sunday 19:40:54  downloader.py : ERROR  错误原因[Errno 2] No such file or directory: 'Resources/pic/安娜蜜语AnnaSweetT/安娜蜜语深V性感蕾丝1/2半杯小胸内衣女聚拢无钢圈文胸舒适胸罩12.jpg'
2019-06-16 Sunday 19:40:54  downloader.py : ERROR  错误原因[Errno 2] No such file or directory: 'Resources/pic/安娜蜜语AnnaSweetT/安娜蜜语深V性感蕾丝1/2半杯小胸内衣女聚拢无钢圈文胸舒适胸罩13.jpg'
2019-06-16 Sunday 19:40:54  downloader.py : ERROR  错误原因[Errno 2] No such file or directory: 'Resources/pic/安娜蜜语AnnaSweetT/安娜蜜语深V性感蕾丝1/2半杯小胸内衣女聚拢无钢圈文胸舒适胸罩14.jpg'
2019-06-16 Sunday 19:40:54  downloader.py : ERROR  错误原因[Errno 2] No such file or directory: 'Resources/pic/安娜蜜语AnnaSweetT/安娜蜜语深V性感蕾丝1/2半杯小胸内衣女聚拢无钢圈文胸舒适胸罩15.jpg'
2019-06-16 Sunday 19:40:54  downloader.py : ERROR  错误原因[Errno 2] No such file or directory: 'Resources/pic/安娜蜜语AnnaSweetT/安娜蜜语深V性感蕾丝1/2半杯小胸内衣女聚拢无钢圈文胸舒适胸罩16.jpg'
2019-06-16 Sunday 19:40:55  downloader.py : ERROR  错误原因[Errno 2] No such file or directory: 'Resources/pic/安娜蜜语AnnaSweetT/安娜蜜语深V性感蕾丝1/2半杯小胸内衣女聚拢无钢圈文胸舒适胸罩17.jpg'
2019-06-16 Sunday 19:40:55  downloader.py : ERROR  错误原因[Errno 2] No such file or directory: 'Resources/pic/安娜蜜语AnnaSweetT/安娜蜜语深V性感蕾丝1/2半杯小胸内衣女聚拢无钢圈文胸舒适胸罩18.jpg'
2019-06-16 Sunday 19:40:55  downloader.py : ERROR  错误原因[Errno 2] No such file or directory: 'Resources/pic/安娜蜜语AnnaSweetT/安娜蜜语深V性感蕾丝1/2半杯小胸内衣女聚拢无钢圈文胸舒适胸罩19.jpg'
2019-06-16 Sunday 19:40:55  downloader.py : ERROR  错误原因[Errno 2] No such file or directory: 'Resources/pic/安娜蜜语AnnaSweetT/安娜蜜语深V性感蕾丝1/2半杯小胸内衣女聚拢无钢圈文胸舒适胸罩20.jpg'
2019-06-16 Sunday 19:40:55  downloader.py : ERROR  错误原因[Errno 2] No such file or directory: 'Resources/pic/安娜蜜语AnnaSweetT/安娜蜜语深V性感蕾丝1/2半杯小胸内衣女聚拢无钢圈文胸舒适胸罩21.jpg'
2019-06-16 Sunday 19:40:55  downloader.py : ERROR  错误原因[Errno 2] No such file or directory: 'Resources/pic/安娜蜜语AnnaSweetT/安娜蜜语深V性感蕾丝1/2半杯小胸内衣女聚拢无钢圈文胸舒适胸罩22.jpg'
2019-06-16 Sunday 19:40:59  downloader.py : ERROR  错误原因[Errno 2] No such file or directory: 'Resources/pic/安娜蜜语AnnaSweetT/蕾丝日系1/2半杯聚拢内衣女套装舒适小胸性感调整型少女文胸罩1.jpg'
2019-06-16 Sunday 19:40:59  downloader.py : ERROR  错误原因[Errno 2] No such file or directory: 'Resources/pic/安娜蜜语AnnaSweetT/蕾丝日系1/2半杯聚拢内衣女套装舒适小胸性感调整型少女文胸罩2.jpg'
2019-06-16 Sunday 19:40:59  downloader.py : ERROR  错误原因[Errno 2] No such file or directory: 'Resources/pic/安娜蜜语AnnaSweetT/蕾丝日系1/2半杯聚拢内衣女套装舒适小胸性感调整型少女文胸罩3.jpg'
2019-06-16 Sunday 19:40:59  downloader.py : ERROR  错误原因[Errno 2] No such file or directory: 'Resources/pic/安娜蜜语AnnaSweetT/蕾丝日系1/2半杯聚拢内衣女套装舒适小胸性感调整型少女文胸罩4.jpg'
2019-06-16 Sunday 19:40:59  downloader.py : ERROR  错误原因[Errno 2] No such file or directory: 'Resources/pic/安娜蜜语AnnaSweetT/蕾丝日系1/2半杯聚拢内衣女套装舒适小胸性感调整型少女文胸罩5.jpg'
2019-06-16 Sunday 19:41:00  downloader.py : ERROR  错误原因[Errno 2] No such file or directory: 'Resources/pic/安娜蜜语AnnaSweetT/蕾丝日系1/2半杯聚拢内衣女套装舒适小胸性感调整型少女文胸罩6.jpg'
2019-06-16 Sunday 19:41:00  downloader.py : ERROR  错误原因[Errno 2] No such file or directory: 'Resources/pic/安娜蜜语AnnaSweetT/蕾丝日系1/2半杯聚拢内衣女套装舒适小胸性感调整型少女文胸罩7.jpg'
2019-06-16 Sunday 19:41:00  downloader.py : ERROR  错误原因[Errno 2] No such file or directory: 'Resources/pic/安娜蜜语AnnaSweetT/蕾丝日系1/2半杯聚拢内衣女套装舒适小胸性感调整型少女文胸罩8.jpg'
2019-06-16 Sunday 19:41:00  downloader.py : ERROR  错误原因[Errno 2] No such file or directory: 'Resources/pic/安娜蜜语AnnaSweetT/蕾丝日系1/2半杯聚拢内衣女套装舒适小胸性感调整型少女文胸罩9.jpg'
2019-06-16 Sunday 19:41:00  downloader.py : ERROR  错误原因[Errno 2] No such file or directory: 'Resources/pic/安娜蜜语AnnaSweetT/蕾丝日系1/2半杯聚拢内衣女套装舒适小胸性感调整型少女文胸罩10.jpg'
2019-06-16 Sunday 19:41:00  downloader.py : ERROR  错误原因[Errno 2] No such file or directory: 'Resources/pic/安娜蜜语AnnaSweetT/蕾丝日系1/2半杯聚拢内衣女套装舒适小胸性感调整型少女文胸罩11.jpg'
2019-06-16 Sunday 19:41:00  downloader.py : ERROR  错误原因[Errno 2] No such file or directory: 'Resources/pic/安娜蜜语AnnaSweetT/蕾丝日系1/2半杯聚拢内衣女套装舒适小胸性感调整型少女文胸罩12.jpg'
2019-06-16 Sunday 19:41:01  downloader.py : ERROR  错误原因[Errno 2] No such file or directory: 'Resources/pic/安娜蜜语AnnaSweetT/蕾丝日系1/2半杯聚拢内衣女套装舒适小胸性感调整型少女文胸罩13.jpg'
2019-06-16 Sunday 19:41:01  downloader.py : ERROR  错误原因[Errno 2] No such file or directory: 'Resources/pic/安娜蜜语AnnaSweetT/蕾丝日系1/2半杯聚拢内衣女套装舒适小胸性感调整型少女文胸罩14.jpg'
2019-06-16 Sunday 19:41:01  downloader.py : ERROR  错误原因[Errno 2] No such file or directory: 'Resources/pic/安娜蜜语AnnaSweetT/蕾丝日系1/2半杯聚拢内衣女套装舒适小胸性感调整型少女文胸罩15.jpg'
2019-06-16 Sunday 19:41:01  downloader.py : ERROR  错误原因[Errno 2] No such file or directory: 'Resources/pic/安娜蜜语AnnaSweetT/蕾丝日系1/2半杯聚拢内衣女套装舒适小胸性感调整型少女文胸罩16.jpg'
2019-06-16 Sunday 19:41:01  downloader.py : ERROR  错误原因[Errno 2] No such file or directory: 'Resources/pic/安娜蜜语AnnaSweetT/蕾丝日系1/2半杯聚拢内衣女套装舒适小胸性感调整型少女文胸罩17.jpg'
2019-06-16 Sunday 19:41:01  downloader.py : ERROR  错误原因[Errno 2] No such file or directory: 'Resources/pic/安娜蜜语AnnaSweetT/蕾丝日系1/2半杯聚拢内衣女套装舒适小胸性感调整型少女文胸罩18.jpg'
2019-06-16 Sunday 19:41:01  downloader.py : ERROR  错误原因[Errno 2] No such file or directory: 'Resources/pic/安娜蜜语AnnaSweetT/蕾丝日系1/2半杯聚拢内衣女套装舒适小胸性感调整型少女文胸罩19.jpg'
2019-06-16 Sunday 19:41:02  downloader.py : ERROR  错误原因[Errno 2] No such file or directory: 'Resources/pic/安娜蜜语AnnaSweetT/蕾丝日系1/2半杯聚拢内衣女套装舒适小胸性感调整型少女文胸罩20.jpg'
2019-06-16 Sunday 19:41:02  downloader.py : ERROR  错误原因[Errno 2] No such file or directory: 'Resources/pic/安娜蜜语AnnaSweetT/蕾丝日系1/2半杯聚拢内衣女套装舒适小胸性感调整型少女文胸罩21.jpg'
2019-06-16 Sunday 19:41:02  downloader.py : ERROR  错误原因[Errno 2] No such file or directory: 'Resources/pic/安娜蜜语AnnaSweetT/蕾丝日系1/2半杯聚拢内衣女套装舒适小胸性感调整型少女文胸罩22.jpg'
2019-06-16 Sunday 19:41:02  downloader.py : ERROR  错误原因[Errno 2] No such file or directory: 'Resources/pic/安娜蜜语AnnaSweetT/蕾丝日系1/2半杯聚拢内衣女套装舒适小胸性感调整型少女文胸罩23.jpg'
2019-06-16 Sunday 19:41:02  downloader.py : ERROR  错误原因[Errno 2] No such file or directory: 'Resources/pic/安娜蜜语AnnaSweetT/蕾丝日系1/2半杯聚拢内衣女套装舒适小胸性感调整型少女文胸罩24.jpg'
2019-06-16 Sunday 19:41:02  downloader.py : ERROR  错误原因[Errno 2] No such file or directory: 'Resources/pic/安娜蜜语AnnaSweetT/蕾丝日系1/2半杯聚拢内衣女套装舒适小胸性感调整型少女文胸罩25.jpg'
2019-06-16 Sunday 19:41:03  downloader.py : ERROR  错误原因[Errno 2] No such file or directory: 'Resources/pic/安娜蜜语AnnaSweetT/蕾丝日系1/2半杯聚拢内衣女套装舒适小胸性感调整型少女文胸罩26.jpg'
2019-06-16 Sunday 19:41:03  downloader.py : ERROR  错误原因[Errno 2] No such file or directory: 'Resources/pic/安娜蜜语AnnaSweetT/蕾丝日系1/2半杯聚拢内衣女套装舒适小胸性感调整型少女文胸罩27.jpg'
2019-06-16 Sunday 19:41:03  downloader.py : ERROR  错误原因[Errno 2] No such file or directory: 'Resources/pic/安娜蜜语AnnaSweetT/蕾丝日系1/2半杯聚拢内衣女套装舒适小胸性感调整型少女文胸罩28.jpg'
2019-06-16 Sunday 19:41:03  downloader.py : ERROR  错误原因[Errno 2] No such file or directory: 'Resources/pic/安娜蜜语AnnaSweetT/蕾丝日系1/2半杯聚拢内衣女套装舒适小胸性感调整型少女文胸罩29.jpg'
2019-06-16 Sunday 19:42:42  downloader.py : ERROR  错误原因[Errno 2] No such file or directory: 'Resources/pic/安娜蜜语AnnaSweetT/安娜蜜语1/2半杯性感蕾丝超薄小胸内衣女透气聚拢文胸套装1.jpg'
2019-06-16 Sunday 19:42:42  downloader.py : ERROR  错误原因[Errno 2] No such file or directory: 'Resources/pic/安娜蜜语AnnaSweetT/安娜蜜语1/2半杯性感蕾丝超薄小胸内衣女透气聚拢文胸套装2.jpg'
2019-06-16 Sunday 19:42:43  downloader.py : ERROR  错误原因[Errno 2] No such file or directory: 'Resources/pic/安娜蜜语AnnaSweetT/安娜蜜语1/2半杯性感蕾丝超薄小胸内衣女透气聚拢文胸套装3.jpg'
2019-06-16 Sunday 19:42:43  downloader.py : ERROR  错误原因[Errno 2] No such file or directory: 'Resources/pic/安娜蜜语AnnaSweetT/安娜蜜语1/2半杯性感蕾丝超薄小胸内衣女透气聚拢文胸套装4.jpg'
2019-06-16 Sunday 19:42:44  downloader.py : ERROR  错误原因[Errno 2] No such file or directory: 'Resources/pic/安娜蜜语AnnaSweetT/安娜蜜语1/2半杯性感蕾丝超薄小胸内衣女透气聚拢文胸套装5.jpg'
2019-06-16 Sunday 19:42:45  downloader.py : ERROR  错误原因[Errno 2] No such file or directory: 'Resources/pic/安娜蜜语AnnaSweetT/安娜蜜语1/2半杯性感蕾丝超薄小胸内衣女透气聚拢文胸套装6.jpg'
2019-06-16 Sunday 19:42:45  downloader.py : ERROR  错误原因[Errno 2] No such file or directory: 'Resources/pic/安娜蜜语AnnaSweetT/安娜蜜语1/2半杯性感蕾丝超薄小胸内衣女透气聚拢文胸套装7.jpg'
2019-06-16 Sunday 19:42:46  downloader.py : ERROR  错误原因[Errno 2] No such file or directory: 'Resources/pic/安娜蜜语AnnaSweetT/安娜蜜语1/2半杯性感蕾丝超薄小胸内衣女透气聚拢文胸套装8.jpg'
2019-06-16 Sunday 19:42:47  downloader.py : ERROR  错误原因[Errno 2] No such file or directory: 'Resources/pic/安娜蜜语AnnaSweetT/安娜蜜语1/2半杯性感蕾丝超薄小胸内衣女透气聚拢文胸套装9.jpg'
2019-06-16 Sunday 19:42:47  downloader.py : ERROR  错误原因[Errno 2] No such file or directory: 'Resources/pic/安娜蜜语AnnaSweetT/安娜蜜语1/2半杯性感蕾丝超薄小胸内衣女透气聚拢文胸套装10.jpg'
2019-06-16 Sunday 19:42:48  downloader.py : ERROR  错误原因[Errno 2] No such file or directory: 'Resources/pic/安娜蜜语AnnaSweetT/安娜蜜语1/2半杯性感蕾丝超薄小胸内衣女透气聚拢文胸套装11.jpg'
2019-06-16 Sunday 19:42:49  downloader.py : ERROR  错误原因[Errno 2] No such file or directory: 'Resources/pic/安娜蜜语AnnaSweetT/安娜蜜语1/2半杯性感蕾丝超薄小胸内衣女透气聚拢文胸套装12.jpg'
2019-06-16 Sunday 19:42:50  downloader.py : ERROR  错误原因[Errno 2] No such file or directory: 'Resources/pic/安娜蜜语AnnaSweetT/安娜蜜语1/2半杯性感蕾丝超薄小胸内衣女透气聚拢文胸套装13.jpg'
2019-06-16 Sunday 19:42:50  downloader.py : ERROR  错误原因[Errno 2] No such file or directory: 'Resources/pic/安娜蜜语AnnaSweetT/安娜蜜语1/2半杯性感蕾丝超薄小胸内衣女透气聚拢文胸套装14.jpg'
2019-06-16 Sunday 19:43:45  downloader.py : ERROR  错误原因[Errno 2] No such file or directory: 'Resources/pic/安娜蜜语AnnaSweetT/安娜蜜语原创秋季性感1/2半杯小胸聚拢内衣文胸调整型胸罩女1.jpg'
2019-06-16 Sunday 19:43:46  downloader.py : ERROR  错误原因[Errno 2] No such file or directory: 'Resources/pic/安娜蜜语AnnaSweetT/安娜蜜语原创秋季性感1/2半杯小胸聚拢内衣文胸调整型胸罩女2.jpg'
2019-06-16 Sunday 19:43:46  downloader.py : ERROR  错误原因[Errno 2] No such file or directory: 'Resources/pic/安娜蜜语AnnaSweetT/安娜蜜语原创秋季性感1/2半杯小胸聚拢内衣文胸调整型胸罩女3.jpg'
2019-06-16 Sunday 19:43:46  downloader.py : ERROR  错误原因[Errno 2] No such file or directory: 'Resources/pic/安娜蜜语AnnaSweetT/安娜蜜语原创秋季性感1/2半杯小胸聚拢内衣文胸调整型胸罩女4.jpg'
2019-06-16 Sunday 19:43:47  downloader.py : ERROR  错误原因[Errno 2] No such file or directory: 'Resources/pic/安娜蜜语AnnaSweetT/安娜蜜语原创秋季性感1/2半杯小胸聚拢内衣文胸调整型胸罩女5.jpg'
2019-06-16 Sunday 19:43:47  downloader.py : ERROR  错误原因[Errno 2] No such file or directory: 'Resources/pic/安娜蜜语AnnaSweetT/安娜蜜语原创秋季性感1/2半杯小胸聚拢内衣文胸调整型胸罩女6.jpg'
2019-06-16 Sunday 19:43:47  downloader.py : ERROR  错误原因[Errno 2] No such file or directory: 'Resources/pic/安娜蜜语AnnaSweetT/安娜蜜语原创秋季性感1/2半杯小胸聚拢内衣文胸调整型胸罩女7.jpg'
2019-06-16 Sunday 19:43:47  downloader.py : ERROR  错误原因[Errno 2] No such file or directory: 'Resources/pic/安娜蜜语AnnaSweetT/安娜蜜语原创秋季性感1/2半杯小胸聚拢内衣文胸调整型胸罩女8.jpg'
2019-06-16 Sunday 19:43:48  downloader.py : ERROR  错误原因[Errno 2] No such file or directory: 'Resources/pic/安娜蜜语AnnaSweetT/安娜蜜语原创秋季性感1/2半杯小胸聚拢内衣文胸调整型胸罩女9.jpg'
2019-06-16 Sunday 19:43:48  downloader.py : ERROR  错误原因[Errno 2] No such file or directory: 'Resources/pic/安娜蜜语AnnaSweetT/安娜蜜语原创秋季性感1/2半杯小胸聚拢内衣文胸调整型胸罩女10.jpg'
2019-06-16 Sunday 19:43:48  downloader.py : ERROR  错误原因[Errno 2] No such file or directory: 'Resources/pic/安娜蜜语AnnaSweetT/安娜蜜语原创秋季性感1/2半杯小胸聚拢内衣文胸调整型胸罩女11.jpg'
2019-06-16 Sunday 19:43:48  downloader.py : ERROR  错误原因[Errno 2] No such file or directory: 'Resources/pic/安娜蜜语AnnaSweetT/安娜蜜语原创秋季性感1/2半杯小胸聚拢内衣文胸调整型胸罩女12.jpg'
2019-06-16 Sunday 19:43:48  downloader.py : ERROR  错误原因[Errno 2] No such file or directory: 'Resources/pic/安娜蜜语AnnaSweetT/安娜蜜语原创秋季性感1/2半杯小胸聚拢内衣文胸调整型胸罩女13.jpg'
2019-06-16 Sunday 19:43:49  downloader.py : ERROR  错误原因[Errno 2] No such file or directory: 'Resources/pic/安娜蜜语AnnaSweetT/安娜蜜语原创秋季性感1/2半杯小胸聚拢内衣文胸调整型胸罩女14.jpg'
2019-06-16 Sunday 19:43:49  downloader.py : ERROR  错误原因[Errno 2] No such file or directory: 'Resources/pic/安娜蜜语AnnaSweetT/安娜蜜语原创秋季性感1/2半杯小胸聚拢内衣文胸调整型胸罩女15.jpg'
2019-06-16 Sunday 19:43:49  downloader.py : ERROR  错误原因[Errno 2] No such file or directory: 'Resources/pic/安娜蜜语AnnaSweetT/安娜蜜语原创秋季性感1/2半杯小胸聚拢内衣文胸调整型胸罩女16.jpg'
2019-06-16 Sunday 19:43:49  downloader.py : ERROR  错误原因[Errno 2] No such file or directory: 'Resources/pic/安娜蜜语AnnaSweetT/安娜蜜语原创秋季性感1/2半杯小胸聚拢内衣文胸调整型胸罩女17.jpg'
2019-06-16 Sunday 19:45:16  downloader.py : ERROR  错误原因[Errno 2] No such file or directory: 'Resources/pic/安娜蜜语AnnaSweetT/安娜蜜语性感小胸聚拢内衣女无钢圈加厚1/2半杯文胸舒适少女胸罩1.jpg'
2019-06-16 Sunday 19:45:16  downloader.py : ERROR  错误原因[Errno 2] No such file or directory: 'Resources/pic/安娜蜜语AnnaSweetT/安娜蜜语性感小胸聚拢内衣女无钢圈加厚1/2半杯文胸舒适少女胸罩2.jpg'
2019-06-16 Sunday 19:45:17  downloader.py : ERROR  错误原因[Errno 2] No such file or directory: 'Resources/pic/安娜蜜语AnnaSweetT/安娜蜜语性感小胸聚拢内衣女无钢圈加厚1/2半杯文胸舒适少女胸罩3.jpg'
2019-06-16 Sunday 19:45:17  downloader.py : ERROR  错误原因[Errno 2] No such file or directory: 'Resources/pic/安娜蜜语AnnaSweetT/安娜蜜语性感小胸聚拢内衣女无钢圈加厚1/2半杯文胸舒适少女胸罩4.jpg'
2019-06-16 Sunday 19:45:18  downloader.py : ERROR  错误原因[Errno 2] No such file or directory: 'Resources/pic/安娜蜜语AnnaSweetT/安娜蜜语性感小胸聚拢内衣女无钢圈加厚1/2半杯文胸舒适少女胸罩5.jpg'
2019-06-16 Sunday 19:45:18  downloader.py : ERROR  错误原因[Errno 2] No such file or directory: 'Resources/pic/安娜蜜语AnnaSweetT/安娜蜜语性感小胸聚拢内衣女无钢圈加厚1/2半杯文胸舒适少女胸罩6.jpg'
2019-06-16 Sunday 19:45:18  downloader.py : ERROR  错误原因[Errno 2] No such file or directory: 'Resources/pic/安娜蜜语AnnaSweetT/安娜蜜语性感小胸聚拢内衣女无钢圈加厚1/2半杯文胸舒适少女胸罩7.jpg'
2019-06-16 Sunday 19:45:19  downloader.py : ERROR  错误原因[Errno 2] No such file or directory: 'Resources/pic/安娜蜜语AnnaSweetT/安娜蜜语性感小胸聚拢内衣女无钢圈加厚1/2半杯文胸舒适少女胸罩8.jpg'
2019-06-16 Sunday 19:45:19  downloader.py : ERROR  错误原因[Errno 2] No such file or directory: 'Resources/pic/安娜蜜语AnnaSweetT/安娜蜜语性感小胸聚拢内衣女无钢圈加厚1/2半杯文胸舒适少女胸罩9.jpg'
2019-06-16 Sunday 19:45:19  downloader.py : ERROR  错误原因[Errno 2] No such file or directory: 'Resources/pic/安娜蜜语AnnaSweetT/安娜蜜语性感小胸聚拢内衣女无钢圈加厚1/2半杯文胸舒适少女胸罩10.jpg'
2019-06-16 Sunday 19:45:20  downloader.py : ERROR  错误原因[Errno 2] No such file or directory: 'Resources/pic/安娜蜜语AnnaSweetT/安娜蜜语性感小胸聚拢内衣女无钢圈加厚1/2半杯文胸舒适少女胸罩11.jpg'
2019-06-16 Sunday 19:45:20  downloader.py : ERROR  错误原因[Errno 2] No such file or directory: 'Resources/pic/安娜蜜语AnnaSweetT/安娜蜜语性感小胸聚拢内衣女无钢圈加厚1/2半杯文胸舒适少女胸罩12.jpg'
2019-06-16 Sunday 19:45:21  downloader.py : ERROR  错误原因[Errno 2] No such file or directory: 'Resources/pic/安娜蜜语AnnaSweetT/安娜蜜语性感小胸聚拢内衣女无钢圈加厚1/2半杯文胸舒适少女胸罩13.jpg'
2019-06-16 Sunday 19:45:21  downloader.py : ERROR  错误原因[Errno 2] No such file or directory: 'Resources/pic/安娜蜜语AnnaSweetT/安娜蜜语性感小胸聚拢内衣女无钢圈加厚1/2半杯文胸舒适少女胸罩14.jpg'
2019-06-16 Sunday 19:45:21  downloader.py : ERROR  错误原因[Errno 2] No such file or directory: 'Resources/pic/安娜蜜语AnnaSweetT/安娜蜜语性感小胸聚拢内衣女无钢圈加厚1/2半杯文胸舒适少女胸罩15.jpg'
2019-06-16 Sunday 19:45:22  downloader.py : ERROR  错误原因[Errno 2] No such file or directory: 'Resources/pic/安娜蜜语AnnaSweetT/安娜蜜语性感小胸聚拢内衣女无钢圈加厚1/2半杯文胸舒适少女胸罩16.jpg'
2019-06-16 Sunday 19:45:22  downloader.py : ERROR  错误原因[Errno 2] No such file or directory: 'Resources/pic/安娜蜜语AnnaSweetT/安娜蜜语性感小胸聚拢内衣女无钢圈加厚1/2半杯文胸舒适少女胸罩17.jpg'
2019-06-16 Sunday 19:45:22  downloader.py : ERROR  错误原因[Errno 2] No such file or directory: 'Resources/pic/安娜蜜语AnnaSweetT/安娜蜜语性感小胸聚拢内衣女无钢圈加厚1/2半杯文胸舒适少女胸罩18.jpg'
2019-06-16 Sunday 19:45:23  downloader.py : ERROR  错误原因[Errno 2] No such file or directory: 'Resources/pic/安娜蜜语AnnaSweetT/安娜蜜语性感小胸聚拢内衣女无钢圈加厚1/2半杯文胸舒适少女胸罩19.jpg'
2019-06-16 Sunday 19:45:23  downloader.py : ERROR  错误原因[Errno 2] No such file or directory: 'Resources/pic/安娜蜜语AnnaSweetT/安娜蜜语性感小胸聚拢内衣女无钢圈加厚1/2半杯文胸舒适少女胸罩20.jpg'
2019-06-16 Sunday 19:45:23  downloader.py : ERROR  错误原因[Errno 2] No such file or directory: 'Resources/pic/安娜蜜语AnnaSweetT/安娜蜜语性感小胸聚拢内衣女无钢圈加厚1/2半杯文胸舒适少女胸罩21.jpg'
2019-06-16 Sunday 19:45:24  downloader.py : ERROR  错误原因[Errno 2] No such file or directory: 'Resources/pic/安娜蜜语AnnaSweetT/安娜蜜语性感小胸聚拢内衣女无钢圈加厚1/2半杯文胸舒适少女胸罩22.jpg'
2019-06-16 Sunday 19:45:34  downloader.py : ERROR  错误原因[Errno 2] No such file or directory: 'Resources/pic/安娜蜜语AnnaSweetT/安娜蜜语原创白色内衣女聚拢加厚文胸性感1/2半杯调整型胸罩1.jpg'
2019-06-16 Sunday 19:45:34  downloader.py : ERROR  错误原因[Errno 2] No such file or directory: 'Resources/pic/安娜蜜语AnnaSweetT/安娜蜜语原创白色内衣女聚拢加厚文胸性感1/2半杯调整型胸罩2.jpg'
2019-06-16 Sunday 19:45:34  downloader.py : ERROR  错误原因[Errno 2] No such file or directory: 'Resources/pic/安娜蜜语AnnaSweetT/安娜蜜语原创白色内衣女聚拢加厚文胸性感1/2半杯调整型胸罩3.jpg'
2019-06-16 Sunday 19:45:34  downloader.py : ERROR  错误原因[Errno 2] No such file or directory: 'Resources/pic/安娜蜜语AnnaSweetT/安娜蜜语原创白色内衣女聚拢加厚文胸性感1/2半杯调整型胸罩4.jpg'
2019-06-16 Sunday 19:45:35  downloader.py : ERROR  错误原因[Errno 2] No such file or directory: 'Resources/pic/安娜蜜语AnnaSweetT/安娜蜜语原创白色内衣女聚拢加厚文胸性感1/2半杯调整型胸罩5.jpg'
2019-06-16 Sunday 19:45:35  downloader.py : ERROR  错误原因[Errno 2] No such file or directory: 'Resources/pic/安娜蜜语AnnaSweetT/安娜蜜语原创白色内衣女聚拢加厚文胸性感1/2半杯调整型胸罩6.jpg'
2019-06-16 Sunday 19:45:36  downloader.py : ERROR  错误原因[Errno 2] No such file or directory: 'Resources/pic/安娜蜜语AnnaSweetT/安娜蜜语原创白色内衣女聚拢加厚文胸性感1/2半杯调整型胸罩7.jpg'
2019-06-16 Sunday 19:45:36  downloader.py : ERROR  错误原因[Errno 2] No such file or directory: 'Resources/pic/安娜蜜语AnnaSweetT/安娜蜜语原创白色内衣女聚拢加厚文胸性感1/2半杯调整型胸罩8.jpg'
2019-06-16 Sunday 19:45:36  downloader.py : ERROR  错误原因[Errno 2] No such file or directory: 'Resources/pic/安娜蜜语AnnaSweetT/安娜蜜语原创白色内衣女聚拢加厚文胸性感1/2半杯调整型胸罩9.jpg'
2019-06-16 Sunday 19:45:37  downloader.py : ERROR  错误原因[Errno 2] No such file or directory: 'Resources/pic/安娜蜜语AnnaSweetT/安娜蜜语原创白色内衣女聚拢加厚文胸性感1/2半杯调整型胸罩10.jpg'
2019-06-16 Sunday 19:45:37  downloader.py : ERROR  错误原因[Errno 2] No such file or directory: 'Resources/pic/安娜蜜语AnnaSweetT/安娜蜜语原创白色内衣女聚拢加厚文胸性感1/2半杯调整型胸罩11.jpg'
2019-06-16 Sunday 19:45:37  downloader.py : ERROR  错误原因[Errno 2] No such file or directory: 'Resources/pic/安娜蜜语AnnaSweetT/安娜蜜语原创白色内衣女聚拢加厚文胸性感1/2半杯调整型胸罩12.jpg'
2019-06-16 Sunday 19:45:38  downloader.py : ERROR  错误原因[Errno 2] No such file or directory: 'Resources/pic/安娜蜜语AnnaSweetT/安娜蜜语原创白色内衣女聚拢加厚文胸性感1/2半杯调整型胸罩13.jpg'
2019-06-16 Sunday 19:45:38  downloader.py : ERROR  错误原因[Errno 2] No such file or directory: 'Resources/pic/安娜蜜语AnnaSweetT/安娜蜜语原创白色内衣女聚拢加厚文胸性感1/2半杯调整型胸罩14.jpg'
2019-06-16 Sunday 19:45:39  downloader.py : ERROR  错误原因[Errno 2] No such file or directory: 'Resources/pic/安娜蜜语AnnaSweetT/安娜蜜语原创白色内衣女聚拢加厚文胸性感1/2半杯调整型胸罩15.jpg'
2019-06-16 Sunday 19:45:39  downloader.py : ERROR  错误原因[Errno 2] No such file or directory: 'Resources/pic/安娜蜜语AnnaSweetT/安娜蜜语原创白色内衣女聚拢加厚文胸性感1/2半杯调整型胸罩16.jpg'
2019-06-16 Sunday 19:45:39  downloader.py : ERROR  错误原因[Errno 2] No such file or directory: 'Resources/pic/安娜蜜语AnnaSweetT/安娜蜜语原创白色内衣女聚拢加厚文胸性感1/2半杯调整型胸罩17.jpg'
2019-06-16 Sunday 19:45:39  downloader.py : ERROR  错误原因[Errno 2] No such file or directory: 'Resources/pic/安娜蜜语AnnaSweetT/安娜蜜语原创白色内衣女聚拢加厚文胸性感1/2半杯调整型胸罩18.jpg'
2019-06-16 Sunday 19:46:15  downloader.py : ERROR  错误原因[Errno 2] No such file or directory: 'Resources/pic/安娜蜜语AnnaSweetT/安娜蜜语性感镂空小胸聚拢1/2半杯内衣女薄款内衣文胸罩1.jpg'
2019-06-16 Sunday 19:46:15  downloader.py : ERROR  错误原因[Errno 2] No such file or directory: 'Resources/pic/安娜蜜语AnnaSweetT/安娜蜜语性感镂空小胸聚拢1/2半杯内衣女薄款内衣文胸罩2.jpg'
2019-06-16 Sunday 19:46:15  downloader.py : ERROR  错误原因[Errno 2] No such file or directory: 'Resources/pic/安娜蜜语AnnaSweetT/安娜蜜语性感镂空小胸聚拢1/2半杯内衣女薄款内衣文胸罩3.jpg'
2019-06-16 Sunday 19:46:16  downloader.py : ERROR  错误原因[Errno 2] No such file or directory: 'Resources/pic/安娜蜜语AnnaSweetT/安娜蜜语性感镂空小胸聚拢1/2半杯内衣女薄款内衣文胸罩4.jpg'
2019-06-16 Sunday 19:46:16  downloader.py : ERROR  错误原因[Errno 2] No such file or directory: 'Resources/pic/安娜蜜语AnnaSweetT/安娜蜜语性感镂空小胸聚拢1/2半杯内衣女薄款内衣文胸罩5.jpg'
2019-06-16 Sunday 19:46:16  downloader.py : ERROR  错误原因[Errno 2] No such file or directory: 'Resources/pic/安娜蜜语AnnaSweetT/安娜蜜语性感镂空小胸聚拢1/2半杯内衣女薄款内衣文胸罩6.jpg'
2019-06-16 Sunday 19:46:16  downloader.py : ERROR  错误原因[Errno 2] No such file or directory: 'Resources/pic/安娜蜜语AnnaSweetT/安娜蜜语性感镂空小胸聚拢1/2半杯内衣女薄款内衣文胸罩7.jpg'
2019-06-16 Sunday 19:46:16  downloader.py : ERROR  错误原因[Errno 2] No such file or directory: 'Resources/pic/安娜蜜语AnnaSweetT/安娜蜜语性感镂空小胸聚拢1/2半杯内衣女薄款内衣文胸罩8.jpg'
2019-06-16 Sunday 19:46:17  downloader.py : ERROR  错误原因[Errno 2] No such file or directory: 'Resources/pic/安娜蜜语AnnaSweetT/安娜蜜语性感镂空小胸聚拢1/2半杯内衣女薄款内衣文胸罩9.jpg'
2019-06-16 Sunday 19:46:17  downloader.py : ERROR  错误原因[Errno 2] No such file or directory: 'Resources/pic/安娜蜜语AnnaSweetT/安娜蜜语性感镂空小胸聚拢1/2半杯内衣女薄款内衣文胸罩10.jpg'
2019-06-16 Sunday 19:46:17  downloader.py : ERROR  错误原因[Errno 2] No such file or directory: 'Resources/pic/安娜蜜语AnnaSweetT/安娜蜜语性感镂空小胸聚拢1/2半杯内衣女薄款内衣文胸罩11.jpg'
2019-06-16 Sunday 19:46:17  downloader.py : ERROR  错误原因[Errno 2] No such file or directory: 'Resources/pic/安娜蜜语AnnaSweetT/安娜蜜语性感镂空小胸聚拢1/2半杯内衣女薄款内衣文胸罩12.jpg'
2019-06-16 Sunday 19:46:18  downloader.py : ERROR  错误原因[Errno 2] No such file or directory: 'Resources/pic/安娜蜜语AnnaSweetT/安娜蜜语性感镂空小胸聚拢1/2半杯内衣女薄款内衣文胸罩13.jpg'
2019-06-16 Sunday 19:46:18  downloader.py : ERROR  错误原因[Errno 2] No such file or directory: 'Resources/pic/安娜蜜语AnnaSweetT/安娜蜜语性感镂空小胸聚拢1/2半杯内衣女薄款内衣文胸罩14.jpg'
2019-06-16 Sunday 19:46:18  downloader.py : ERROR  错误原因[Errno 2] No such file or directory: 'Resources/pic/安娜蜜语AnnaSweetT/安娜蜜语性感镂空小胸聚拢1/2半杯内衣女薄款内衣文胸罩15.jpg'
2019-06-16 Sunday 19:46:18  downloader.py : ERROR  错误原因[Errno 2] No such file or directory: 'Resources/pic/安娜蜜语AnnaSweetT/安娜蜜语性感镂空小胸聚拢1/2半杯内衣女薄款内衣文胸罩16.jpg'
2019-06-16 Sunday 19:46:18  downloader.py : ERROR  错误原因[Errno 2] No such file or directory: 'Resources/pic/安娜蜜语AnnaSweetT/安娜蜜语性感镂空小胸聚拢1/2半杯内衣女薄款内衣文胸罩17.jpg'
2019-06-16 Sunday 19:46:19  downloader.py : ERROR  错误原因[Errno 2] No such file or directory: 'Resources/pic/安娜蜜语AnnaSweetT/安娜蜜语性感镂空小胸聚拢1/2半杯内衣女薄款内衣文胸罩18.jpg'
2019-06-16 Sunday 19:46:19  downloader.py : ERROR  错误原因[Errno 2] No such file or directory: 'Resources/pic/安娜蜜语AnnaSweetT/安娜蜜语性感镂空小胸聚拢1/2半杯内衣女薄款内衣文胸罩19.jpg'
2019-06-16 Sunday 19:46:19  downloader.py : ERROR  错误原因[Errno 2] No such file or directory: 'Resources/pic/安娜蜜语AnnaSweetT/安娜蜜语性感镂空小胸聚拢1/2半杯内衣女薄款内衣文胸罩20.jpg'
2019-06-16 Sunday 19:46:19  downloader.py : ERROR  错误原因[Errno 2] No such file or directory: 'Resources/pic/安娜蜜语AnnaSweetT/安娜蜜语性感镂空小胸聚拢1/2半杯内衣女薄款内衣文胸罩21.jpg'
2019-06-16 Sunday 19:46:19  downloader.py : ERROR  错误原因[Errno 2] No such file or directory: 'Resources/pic/安娜蜜语AnnaSweetT/安娜蜜语性感镂空小胸聚拢1/2半杯内衣女薄款内衣文胸罩22.jpg'
2019-06-16 Sunday 19:46:19  downloader.py : ERROR  错误原因[Errno 2] No such file or directory: 'Resources/pic/安娜蜜语AnnaSweetT/安娜蜜语性感镂空小胸聚拢1/2半杯内衣女薄款内衣文胸罩23.jpg'
2019-06-16 Sunday 19:46:20  downloader.py : ERROR  错误原因[Errno 2] No such file or directory: 'Resources/pic/安娜蜜语AnnaSweetT/安娜蜜语性感镂空小胸聚拢1/2半杯内衣女薄款内衣文胸罩24.jpg'
2019-06-16 Sunday 19:47:59  downloader.py : ERROR  错误原因[Errno 2] No such file or directory: 'Resources/pic/安娜蜜语AnnaSweetT/【设计师原创】安娜蜜语刺绣1/2半杯上托文胸小胸内衣女胸罩套装1.jpg'
2019-06-16 Sunday 19:47:59  downloader.py : ERROR  错误原因[Errno 2] No such file or directory: 'Resources/pic/安娜蜜语AnnaSweetT/【设计师原创】安娜蜜语刺绣1/2半杯上托文胸小胸内衣女胸罩套装2.jpg'
2019-06-16 Sunday 19:48:00  downloader.py : ERROR  错误原因[Errno 2] No such file or directory: 'Resources/pic/安娜蜜语AnnaSweetT/【设计师原创】安娜蜜语刺绣1/2半杯上托文胸小胸内衣女胸罩套装3.jpg'
2019-06-16 Sunday 19:48:00  downloader.py : ERROR  错误原因[Errno 2] No such file or directory: 'Resources/pic/安娜蜜语AnnaSweetT/【设计师原创】安娜蜜语刺绣1/2半杯上托文胸小胸内衣女胸罩套装4.jpg'
2019-06-16 Sunday 19:48:00  downloader.py : ERROR  错误原因[Errno 2] No such file or directory: 'Resources/pic/安娜蜜语AnnaSweetT/【设计师原创】安娜蜜语刺绣1/2半杯上托文胸小胸内衣女胸罩套装5.jpg'
2019-06-16 Sunday 19:48:01  downloader.py : ERROR  错误原因[Errno 2] No such file or directory: 'Resources/pic/安娜蜜语AnnaSweetT/【设计师原创】安娜蜜语刺绣1/2半杯上托文胸小胸内衣女胸罩套装6.jpg'
